<?xml version="1.0" encoding="UTF-8"?>
<!-- Generated by org.testng.reporters.JUnitXMLReporter -->
<testsuite hostname="DESKTOP-3G8P0RD" ignored="0" name="Default test" tests="3" failures="0" timestamp="13 三月 2018 10:27:58 GMT" time="0.04" errors="0">
  <testcase name="@BeforeMethod setUp" time="0.0" classname="com.lll.testCase.baudiCase">
    <failure type="org.testng.TestNGException" message="
Parameter &amp;apos;url&amp;apos; is required by BeforeMethod on method setUp but has not been marked @Optional or defined
in C:\Users\admin\AppData\Local\Temp\testng-eclipse-504174871\testng-customsuite.xml">
      <![CDATA[org.testng.TestNGException: Parameter 'url' is required by BeforeMethod on method setUp but has not been marked @Optional or definedin C:\Users\admin\AppData\Local\Temp\testng-eclipse-504174871\testng-customsuite.xmlat org.testng.internal.Parameters.createParams(Parameters.java:290)at org.testng.internal.Parameters.createParametersForMethod(Parameters.java:359)at org.testng.internal.Parameters.createParameters(Parameters.java:620)at org.testng.internal.Parameters.createConfigurationParameters(Parameters.java:190)at org.testng.internal.Invoker.invokeConfigurations(Invoker.java:209)at org.testng.internal.Invoker.invokeMethod(Invoker.java:516)at org.testng.internal.Invoker.invokeTestMethod(Invoker.java:707)at org.testng.internal.Invoker.invokeTestMethods(Invoker.java:979)at org.testng.internal.TestMethodWorker.invokeTestMethods(TestMethodWorker.java:125)at org.testng.internal.TestMethodWorker.run(TestMethodWorker.java:109)at org.testng.TestRunner.privateRun(TestRunner.java:648)at org.testng.TestRunner.run(TestRunner.java:505)at org.testng.SuiteRunner.runTest(SuiteRunner.java:455)at org.testng.SuiteRunner.runSequentially(SuiteRunner.java:450)at org.testng.SuiteRunner.privateRun(SuiteRunner.java:415)at org.testng.SuiteRunner.run(SuiteRunner.java:364)at org.testng.SuiteRunnerWorker.runSuite(SuiteRunnerWorker.java:52)at org.testng.SuiteRunnerWorker.run(SuiteRunnerWorker.java:84)at org.testng.TestNG.runSuitesSequentially(TestNG.java:1187)at org.testng.TestNG.runSuitesLocally(TestNG.java:1116)at org.testng.TestNG.runSuites(TestNG.java:1028)at org.testng.TestNG.run(TestNG.java:996)at org.testng.remote.AbstractRemoteTestNG.run(AbstractRemoteTestNG.java:114)at org.testng.remote.RemoteTestNG.initAndRun(RemoteTestNG.java:251)at org.testng.remote.RemoteTestNG.main(RemoteTestNG.java:77)]]>
    </failure>
  </testcase> <!-- @BeforeMethod setUp -->
  <testcase name="@AfterMethod quit" time="0.0" classname="com.lll.testCase.baudiCase">
    <skipped/>
  </testcase> <!-- @AfterMethod quit -->
  <testcase name="@BeforeMethod setUp" time="0.0" classname="com.lll.testCase.baudiCase">
    <skipped/>
  </testcase> <!-- @BeforeMethod setUp -->
  <testcase name="@AfterMethod quit" time="0.0" classname="com.lll.testCase.baudiCase">
    <skipped/>
  </testcase> <!-- @AfterMethod quit -->
  <testcase name="@BeforeMethod setUp" time="0.0" classname="com.lll.testCase.baudiCase">
    <skipped/>
  </testcase> <!-- @BeforeMethod setUp -->
  <testcase name="@AfterMethod quit" time="0.0" classname="com.lll.testCase.baudiCase">
    <skipped/>
  </testcase> <!-- @AfterMethod quit -->
  <testcase name="test01" time="0.0" classname="com.lll.testCase.baudiCase">
    <skipped/>
  </testcase> <!-- test01 -->
  <testcase name="test01" time="0.0" classname="com.lll.testCase.baudiCase">
    <skipped/>
  </testcase> <!-- test01 -->
  <testcase name="test01" time="0.0" classname="com.lll.testCase.baudiCase">
    <skipped/>
  </testcase> <!-- test01 -->
</testsuite> <!-- Default test -->
